0 info it worked if it ends with ok
1 verbose cli [ '/usr/local/bin/node',
1 verbose cli   '/usr/local/bin/npm',
1 verbose cli   'install',
1 verbose cli   '-g',
1 verbose cli   'polymer-cli' ]
2 info using npm@2.14.12
3 info using node@v4.3.2
4 verbose install initial load of /usr/local/lib/package.json
5 verbose readDependencies loading dependencies from /usr/local/lib/package.json
6 silly cache add args [ 'polymer-cli', null ]
7 verbose cache add spec polymer-cli
8 silly cache add parsed spec Result {
8 silly cache add   raw: 'polymer-cli',
8 silly cache add   scope: null,
8 silly cache add   name: 'polymer-cli',
8 silly cache add   rawSpec: '',
8 silly cache add   spec: 'latest',
8 silly cache add   type: 'tag' }
9 silly addNamed polymer-cli@latest
10 verbose addNamed "latest" is being treated as a dist-tag for polymer-cli
11 info addNameTag [ 'polymer-cli', 'latest' ]
12 silly mapToRegistry name polymer-cli
13 silly mapToRegistry using default registry
14 silly mapToRegistry registry https://registry.npmjs.org/
15 silly mapToRegistry uri https://registry.npmjs.org/polymer-cli
16 verbose addNameTag registry:https://registry.npmjs.org/polymer-cli not in flight; fetching
17 verbose request uri https://registry.npmjs.org/polymer-cli
18 verbose request no auth needed
19 info attempt registry request try #1 at 3:48:12 PM
20 verbose request id bc855b982350c233
21 http request GET https://registry.npmjs.org/polymer-cli
22 http 200 https://registry.npmjs.org/polymer-cli
23 verbose headers { server: 'nginx/1.10.1',
23 verbose headers   'content-type': 'application/json',
23 verbose headers   'last-modified': 'Wed, 11 Oct 2017 18:28:43 GMT',
23 verbose headers   etag: 'W/"59de62db-2b975"',
23 verbose headers   'content-encoding': 'gzip',
23 verbose headers   'cache-control': 'max-age=300',
23 verbose headers   'content-length': '14824',
23 verbose headers   'accept-ranges': 'bytes',
23 verbose headers   date: 'Sat, 11 Nov 2017 20:48:12 GMT',
23 verbose headers   via: '1.1 varnish',
23 verbose headers   age: '0',
23 verbose headers   connection: 'keep-alive',
23 verbose headers   'x-served-by': 'cache-bos8225-BOS',
23 verbose headers   'x-cache': 'MISS',
23 verbose headers   'x-cache-hits': '0',
23 verbose headers   'x-timer': 'S1510433293.616477,VS0,VE172',
23 verbose headers   vary: 'Accept-Encoding, Accept' }
24 silly get cb [ 200,
24 silly get   { server: 'nginx/1.10.1',
24 silly get     'content-type': 'application/json',
24 silly get     'last-modified': 'Wed, 11 Oct 2017 18:28:43 GMT',
24 silly get     etag: 'W/"59de62db-2b975"',
24 silly get     'content-encoding': 'gzip',
24 silly get     'cache-control': 'max-age=300',
24 silly get     'content-length': '14824',
24 silly get     'accept-ranges': 'bytes',
24 silly get     date: 'Sat, 11 Nov 2017 20:48:12 GMT',
24 silly get     via: '1.1 varnish',
24 silly get     age: '0',
24 silly get     connection: 'keep-alive',
24 silly get     'x-served-by': 'cache-bos8225-BOS',
24 silly get     'x-cache': 'MISS',
24 silly get     'x-cache-hits': '0',
24 silly get     'x-timer': 'S1510433293.616477,VS0,VE172',
24 silly get     vary: 'Accept-Encoding, Accept' } ]
25 verbose get saving polymer-cli to /Users/nancyho/.npm/registry.npmjs.org/polymer-cli/.cache.json
26 silly addNameTag next cb for polymer-cli with tag latest
27 silly addNamed polymer-cli@1.5.7
28 verbose addNamed "1.5.7" is a plain semver version for polymer-cli
29 silly mapToRegistry name polymer-cli
30 silly mapToRegistry using default registry
31 silly mapToRegistry registry https://registry.npmjs.org/
32 silly mapToRegistry uri https://registry.npmjs.org/polymer-cli
33 verbose addRemoteTarball https://registry.npmjs.org/polymer-cli/-/polymer-cli-1.5.7.tgz not in flight; adding
34 verbose addRemoteTarball [ 'https://registry.npmjs.org/polymer-cli/-/polymer-cli-1.5.7.tgz',
34 verbose addRemoteTarball   'd282b478fd13f209fcb41e563573c410fac3ea67' ]
35 info retry fetch attempt 1 at 3:48:12 PM
36 info attempt registry request try #1 at 3:48:12 PM
37 http fetch GET https://registry.npmjs.org/polymer-cli/-/polymer-cli-1.5.7.tgz
38 http fetch 200 https://registry.npmjs.org/polymer-cli/-/polymer-cli-1.5.7.tgz
39 silly fetchAndShaCheck shasum d282b478fd13f209fcb41e563573c410fac3ea67
40 verbose addTmpTarball /var/folders/b7/g7yw51jx0q720d7przdp9tsr0000gn/T/npm-32067-f8e97f00/registry.npmjs.org/polymer-cli/-/polymer-cli-1.5.7.tgz not in flight; adding
41 verbose addTmpTarball already have metadata; skipping unpack for polymer-cli@1.5.7
42 silly cache afterAdd polymer-cli@1.5.7
43 verbose afterAdd /Users/nancyho/.npm/polymer-cli/1.5.7/package/package.json not in flight; writing
44 verbose afterAdd /Users/nancyho/.npm/polymer-cli/1.5.7/package/package.json written
45 silly install resolved [ { name: 'polymer-cli',
45 silly install resolved     version: '1.5.7',
45 silly install resolved     description: 'A commandline tool for Polymer projects',
45 silly install resolved     main: 'lib/polymer-cli.js',
45 silly install resolved     engines: { node: '>=6.0' },
45 silly install resolved     bin: { polymer: 'bin/polymer.js' },
45 silly install resolved     scripts:
45 silly install resolved      { lint: 'gulp lint',
45 silly install resolved        build: 'gulp build',
45 silly install resolved        test: 'gulp lint test',
45 silly install resolved        'test:smoke': 'gulp test',
45 silly install resolved        'test:integration': 'gulp test:integration',
45 silly install resolved        format: 'find src test gulpfile.js \\( -iname \'*.ts\' -o -iname \'*.js\' \\) -not -path \'*fixtures*\' | xargs clang-format --style=file -i' },
45 silly install resolved     repository:
45 silly install resolved      { type: 'git',
45 silly install resolved        url: 'git+https://github.com/Polymer/polymer-cli.git' },
45 silly install resolved     author: { name: 'The Polymer Project Authors' },
45 silly install resolved     license: 'BSD-3-Clause',
45 silly install resolved     dependencies:
45 silly install resolved      { '@types/babel-core': '^6.7.14',
45 silly install resolved        '@types/chalk': '^0.4.31',
45 silly install resolved        '@types/del': '^3.0.0',
45 silly install resolved        '@types/findup-sync': '^0.3.29',
45 silly install resolved        '@types/gulp-if': '0.0.30',
45 silly install resolved        '@types/html-minifier': '^1.1.30',
45 silly install resolved        '@types/inquirer': '0.0.32',
45 silly install resolved        '@types/merge-stream': '^1.0.28',
45 silly install resolved        '@types/mz': '^0.0.31',
45 silly install resolved        '@types/request': '2.0.3',
45 silly install resolved        '@types/resolve': '0.0.4',
45 silly install resolved        '@types/rimraf': '^0.0.28',
45 silly install resolved        '@types/semver': '^5.3.30',
45 silly install resolved        '@types/temp': '^0.8.28',
45 silly install resolved        '@types/update-notifier': '^1.0.0',
45 silly install resolved        '@types/vinyl': '^2.0.0',
45 silly install resolved        '@types/vinyl-fs': '0.0.28',
45 silly install resolved        '@types/yeoman-generator': '^1.0.0',
45 silly install resolved        'babel-core': '^6.24.1',
45 silly install resolved        'babel-plugin-external-helpers': '^6.22.0',
45 silly install resolved        'babel-preset-es2015': '^6.18.0',
45 silly install resolved        'babel-preset-minify': '0.2.0',
45 silly install resolved        bower: '1.8.2',
45 silly install resolved        'bower-json': '^0.8.1',
45 silly install resolved        'bower-logger': '^0.2.2',
45 silly install resolved        chalk: '^1.1.3',
45 silly install resolved        'command-line-args': '^3.0.0',
45 silly install resolved        'command-line-commands': '^1.0.3',
45 silly install resolved        'command-line-usage': '^3.0.1',
45 silly install resolved        'css-slam': '^2.0.2',
45 silly install resolved        del: '^3.0.0',
45 silly install resolved        'findup-sync': '^0.4.2',
45 silly install resolved        github: '^7.2.1',
45 silly install resolved        'gulp-if': '^2.0.0',
45 silly install resolved        'gunzip-maybe': '^1.3.1',
45 silly install resolved        'html-minifier': '^3.0.1',
45 silly install resolved        inquirer: '^1.0.2',
45 silly install resolved        'merge-stream': '^1.0.1',
45 silly install resolved        mz: '^2.6.0',
45 silly install resolved        plylog: '^0.4.0',
45 silly install resolved        'polymer-analyzer': '^2.3.0',
45 silly install resolved        'polymer-build': '^2.1.0',
45 silly install resolved        'polymer-linter': '^2.0.2',
45 silly install resolved        'polymer-project-config': '^3.4.0',
45 silly install resolved        polyserve: '^0.23.0',
45 silly install resolved        request: '^2.72.0',
45 silly install resolved        rimraf: '^2.6.1',
45 silly install resolved        semver: '^5.3.0',
45 silly install resolved        'tar-fs': '^1.12.0',
45 silly install resolved        temp: '^0.8.3',
45 silly install resolved        'update-notifier': '^1.0.0',
45 silly install resolved        vinyl: '^1.1.1',
45 silly install resolved        'vinyl-fs': '^2.4.3',
45 silly install resolved        'web-component-tester': '^6.3.0',
45 silly install resolved        'yeoman-environment': '^1.5.2',
45 silly install resolved        'yeoman-generator': '^1.0.1' },
45 silly install resolved     devDependencies:
45 silly install resolved      { '@polymer/tools-common': '^1.0.1',
45 silly install resolved        '@types/fs-extra': '0.0.37',
45 silly install resolved        '@types/node': '=6.0.65',
45 silly install resolved        babili: '^0.0.12',
45 silly install resolved        chai: '^3.5.0',
45 silly install resolved        'clang-format': '=1.0.50',
45 silly install resolved        depcheck: '^0.6.3',
45 silly install resolved        'fs-extra': '^2.0.0',
45 silly install resolved        gulp: '^3.9.1',
45 silly install resolved        'gulp-eslint': '^3.0.1',
45 silly install resolved        'gulp-spawn-mocha': '^3.1.0',
45 silly install resolved        'gulp-tslint': '^7.0.1',
45 silly install resolved        'gulp-typescript': '^3.0.0',
45 silly install resolved        istanbul: '^0.4',
45 silly install resolved        'memory-streams': '^0.1.0',
45 silly install resolved        mocha: '^3.0',
45 silly install resolved        'run-sequence': '^1.2.0',
45 silly install resolved        sinon: '^1.17.4',
45 silly install resolved        tmp: '0.0.31',
45 silly install resolved        tslint: '^4.0.2',
45 silly install resolved        typescript: '^2.2.0',
45 silly install resolved        'vinyl-fs-fake': '^1.1.0',
45 silly install resolved        'yeoman-assert': '^2.2.1',
45 silly install resolved        'yeoman-test': '^1.1.0' },
45 silly install resolved     gitHead: 'c6d7c3d580ebf362b97bab740e54e08276fe83eb',
45 silly install resolved     bugs: { url: 'https://github.com/Polymer/polymer-cli/issues' },
45 silly install resolved     homepage: 'https://github.com/Polymer/polymer-cli#readme',
45 silly install resolved     _id: 'polymer-cli@1.5.7',
45 silly install resolved     _npmVersion: '5.0.3',
45 silly install resolved     _nodeVersion: '8.1.2',
45 silly install resolved     _npmUser: { name: 'polymer', email: 'admin@polymer-project.org' },
45 silly install resolved     dist:
45 silly install resolved      { integrity: 'sha512-J2baUW9jknyB9wNIUo+TAaPzJvnRO4jrUx8Qn81zQCccLERlhmjTQukyjYLy+gXOejbLnIgdjhxWL5cQZwkwnQ==',
45 silly install resolved        shasum: 'd282b478fd13f209fcb41e563573c410fac3ea67',
45 silly install resolved        tarball: 'https://registry.npmjs.org/polymer-cli/-/polymer-cli-1.5.7.tgz' },
45 silly install resolved     maintainers: [ [Object], [Object] ],
45 silly install resolved     _npmOperationalInternal:
45 silly install resolved      { host: 's3://npm-registry-packages',
45 silly install resolved        tmp: 'tmp/polymer-cli-1.5.7.tgz_1507746522826_0.6315572501625866' },
45 silly install resolved     directories: {},
45 silly install resolved     _shasum: 'd282b478fd13f209fcb41e563573c410fac3ea67',
45 silly install resolved     _resolved: 'https://registry.npmjs.org/polymer-cli/-/polymer-cli-1.5.7.tgz',
45 silly install resolved     _from: 'polymer-cli@latest' } ]
46 info install polymer-cli@1.5.7 into /usr/local/lib
47 info installOne polymer-cli@1.5.7
48 verbose installOne of polymer-cli to /usr/local/lib not in flight; installing
49 verbose lock using /Users/nancyho/.npm/_locks/polymer-cli-e8248b3129cc6a2b.lock for /usr/local/lib/node_modules/polymer-cli
50 silly install write writing polymer-cli 1.5.7 to /usr/local/lib/node_modules/polymer-cli
51 verbose unbuild lib/node_modules/polymer-cli
52 silly gentlyRm /usr/local/lib/node_modules/polymer-cli is being purged from base /usr/local
53 verbose gentlyRm don't care about contents; nuking /usr/local/lib/node_modules/polymer-cli
54 verbose tar unpack /Users/nancyho/.npm/polymer-cli/1.5.7/package.tgz
55 verbose tar unpacking to /usr/local/lib/node_modules/polymer-cli
56 silly gentlyRm /usr/local/lib/node_modules/polymer-cli is being purged
57 verbose gentlyRm don't care about contents; nuking /usr/local/lib/node_modules/polymer-cli
58 silly gunzTarPerm modes [ '755', '644' ]
59 error tar.unpack untar error /Users/nancyho/.npm/polymer-cli/1.5.7/package.tgz
60 verbose unlock done using /Users/nancyho/.npm/_locks/polymer-cli-e8248b3129cc6a2b.lock for /usr/local/lib/node_modules/polymer-cli
61 verbose fstream_path /usr/local/lib/node_modules/polymer-cli
62 verbose fstream_type Directory
63 verbose fstream_class DirWriter
64 verbose stack Error: EACCES: permission denied, mkdir '/usr/local/lib/node_modules/polymer-cli'
64 verbose stack     at Error (native)
65 verbose fstream_stack /usr/local/lib/node_modules/npm/node_modules/fstream/lib/dir-writer.js:35:25
65 verbose fstream_stack /usr/local/lib/node_modules/npm/node_modules/mkdirp/index.js:47:53
65 verbose fstream_stack FSReqWrap.oncomplete (fs.js:82:15)
66 verbose cwd /Users/nancyho/Desktop/hwk5/american-exceptionalism
67 error Darwin 13.4.0
68 error argv "/usr/local/bin/node" "/usr/local/bin/npm" "install" "-g" "polymer-cli"
69 error node v4.3.2
70 error npm  v2.14.12
71 error path /usr/local/lib/node_modules/polymer-cli
72 error code EACCES
73 error errno -13
74 error syscall mkdir
75 error Error: EACCES: permission denied, mkdir '/usr/local/lib/node_modules/polymer-cli'
75 error     at Error (native)
75 error  { [Error: EACCES: permission denied, mkdir '/usr/local/lib/node_modules/polymer-cli']
75 error   errno: -13,
75 error   code: 'EACCES',
75 error   syscall: 'mkdir',
75 error   path: '/usr/local/lib/node_modules/polymer-cli',
75 error   fstream_type: 'Directory',
75 error   fstream_path: '/usr/local/lib/node_modules/polymer-cli',
75 error   fstream_class: 'DirWriter',
75 error   fstream_stack:
75 error    [ '/usr/local/lib/node_modules/npm/node_modules/fstream/lib/dir-writer.js:35:25',
75 error      '/usr/local/lib/node_modules/npm/node_modules/mkdirp/index.js:47:53',
75 error      'FSReqWrap.oncomplete (fs.js:82:15)' ] }
76 error Please try running this command again as root/Administrator.
77 verbose exit [ -13, true ]
78 verbose unbuild lib/node_modules/polymer-cli
79 silly gentlyRm /usr/local/lib/node_modules/polymer-cli is being purged from base /usr/local
80 verbose gentlyRm don't care about contents; nuking /usr/local/lib/node_modules/polymer-cli
